// 重构日志: ab57fafb
// 重构日志: 63ea14be
// 重构日志: 79414351
// 重构日志: 696d9a7f
// 重构日志: 5d63111f
// 重构日志: de646e03
// 同步 ID: 8aee757f @ Thu Jul  9 09:07:45 UTC 2026
// 重构日志: 0e75e1fd
// 同步 ID: 8be620f7 @ Fri Jul 10 10:53:16 UTC 2026
// 重构日志: bbc9ecbf
// 同步 ID: e70d2d43 @ Sun Jul 12 00:35:05 UTC 2026
// 同步 ID: 5c0092c9 @ Sun Jul 12 12:45:51 UTC 2026
// 重构日志: 3b4782ce
// 重构日志: 2d6224cf
// 重构日志: 063105e2
// 同步 ID: fe268ce7 @ Sat Jul 18 16:18:34 UTC 2026
// 重构日志: aa481e8a
// 同步 ID: e0946003 @ Tue Jul 21 10:10:59 UTC 2026
// 同步 ID: ae446f2d @ Wed Jul 22 16:19:11 UTC 2026
// 重构日志: 0146b1db
